[35m[1mScanning dependencies of target cell_core_node[0m
[ 50%] [32mBuilding CXX object CMakeFiles/cell_core_node.dir/src/planning.cpp.o[0m
[100%] [32m[1mLinking CXX executable /home/luis/VT2/catkin_ws/devel/.private/cell_core/lib/cell_core/cell_core_node[0m
CMakeFiles/cell_core_node.dir/src/planning.cpp.o: In Funktion `main':
planning.cpp:(.text+0x70): Nicht definierter Verweis auf `ros::init(int&, char**, std::__cxx11::basic_string<char, std::char_traits<char>, std::allocator<char> > const&, unsigned int)'
planning.cpp:(.text+0xcc): Nicht definierter Verweis auf `ros::NodeHandle::NodeHandle(std::__cxx11::basic_string<char, std::char_traits<char>, std::allocator<char> > const&, std::map<std::__cxx11::basic_string<char, std::char_traits<char>, std::allocator<char> >, std::__cxx11::basic_string<char, std::char_traits<char>, std::allocator<char> >, std::less<std::__cxx11::basic_string<char, std::char_traits<char>, std::allocator<char> > >, std::allocator<std::pair<std::__cxx11::basic_string<char, std::char_traits<char>, std::allocator<char> > const, std::__cxx11::basic_string<char, std::char_traits<char>, std::allocator<char> > > > > const&)'
planning.cpp:(.text+0xfe): Nicht definierter Verweis auf `ros::AsyncSpinner::AsyncSpinner(unsigned int)'
planning.cpp:(.text+0x10d): Nicht definierter Verweis auf `ros::AsyncSpinner::start()'
planning.cpp:(.text+0x179): Nicht definierter Verweis auf `moveit::planning_interface::MoveGroupInterface::MoveGroupInterface(std::__cxx11::basic_string<char, std::char_traits<char>, std::allocator<char> > const&, boost::shared_ptr<tf::Transformer> const&, ros::WallDuration const&)'
planning.cpp:(.text+0x1ba): Nicht definierter Verweis auf `ros::shutdown()'
planning.cpp:(.text+0x1c9): Nicht definierter Verweis auf `moveit::planning_interface::MoveGroupInterface::~MoveGroupInterface()'
planning.cpp:(.text+0x1e7): Nicht definierter Verweis auf `ros::NodeHandle::~NodeHandle()'
planning.cpp:(.text+0x2b9): Nicht definierter Verweis auf `moveit::planning_interface::MoveGroupInterface::~MoveGroupInterface()'
planning.cpp:(.text+0x2e1): Nicht definierter Verweis auf `ros::NodeHandle::~NodeHandle()'
CMakeFiles/cell_core_node.dir/src/planning.cpp.o: In Funktion `__static_initialization_and_destruction_0(int, int)':
planning.cpp:(.text+0x3ad): Nicht definierter Verweis auf `boost::system::generic_category()'
planning.cpp:(.text+0x3b9): Nicht definierter Verweis auf `boost::system::generic_category()'
planning.cpp:(.text+0x3c5): Nicht definierter Verweis auf `boost::system::system_category()'
collect2: error: ld returned 1 exit status
CMakeFiles/cell_core_node.dir/build.make:94: die Regel fÃ¼r Ziel â€ž/home/luis/VT2/catkin_ws/devel/.private/cell_core/lib/cell_core/cell_core_nodeâ€œ scheiterte
make[2]: *** [/home/luis/VT2/catkin_ws/devel/.private/cell_core/lib/cell_core/cell_core_node] Fehler 1
CMakeFiles/Makefile2:227: die Regel fÃ¼r Ziel â€žCMakeFiles/cell_core_node.dir/allâ€œ scheiterte
make[1]: *** [CMakeFiles/cell_core_node.dir/all] Fehler 2
Makefile:138: die Regel fÃ¼r Ziel â€žallâ€œ scheiterte
make: *** [all] Fehler 2
