CMakeFiles/cell_core_node.dir/src/planning.cpp.o: In Funktion `main':
planning.cpp:(.text+0x72): Nicht definierter Verweis auf `ros::init(int&, char**, std::__cxx11::basic_string<char, std::char_traits<char>, std::allocator<char> > const&, unsigned int)'
planning.cpp:(.text+0xce): Nicht definierter Verweis auf `ros::NodeHandle::NodeHandle(std::__cxx11::basic_string<char, std::char_traits<char>, std::allocator<char> > const&, std::map<std::__cxx11::basic_string<char, std::char_traits<char>, std::allocator<char> >, std::__cxx11::basic_string<char, std::char_traits<char>, std::allocator<char> >, std::less<std::__cxx11::basic_string<char, std::char_traits<char>, std::allocator<char> > >, std::allocator<std::pair<std::__cxx11::basic_string<char, std::char_traits<char>, std::allocator<char> > const, std::__cxx11::basic_string<char, std::char_traits<char>, std::allocator<char> > > > > const&)'
planning.cpp:(.text+0x100): Nicht definierter Verweis auf `ros::AsyncSpinner::AsyncSpinner(unsigned int)'
planning.cpp:(.text+0x10f): Nicht definierter Verweis auf `ros::AsyncSpinner::start()'
planning.cpp:(.text+0x1fe): Nicht definierter Verweis auf `moveit::planning_interface::MoveGroupInterface::MoveGroupInterface(std::__cxx11::basic_string<char, std::char_traits<char>, std::allocator<char> > const&, boost::shared_ptr<tf::Transformer> const&, ros::WallDuration const&)'
planning.cpp:(.text+0x23f): Nicht definierter Verweis auf `ros::shutdown()'
planning.cpp:(.text+0x24e): Nicht definierter Verweis auf `moveit::planning_interface::MoveGroupInterface::~MoveGroupInterface()'
planning.cpp:(.text+0x26c): Nicht definierter Verweis auf `ros::NodeHandle::~NodeHandle()'
planning.cpp:(.text+0x363): Nicht definierter Verweis auf `moveit::planning_interface::MoveGroupInterface::~MoveGroupInterface()'
planning.cpp:(.text+0x38b): Nicht definierter Verweis auf `ros::NodeHandle::~NodeHandle()'
CMakeFiles/cell_core_node.dir/src/planning.cpp.o: In Funktion `__static_initialization_and_destruction_0(int, int)':
planning.cpp:(.text+0x459): Nicht definierter Verweis auf `boost::system::generic_category()'
planning.cpp:(.text+0x465): Nicht definierter Verweis auf `boost::system::generic_category()'
planning.cpp:(.text+0x471): Nicht definierter Verweis auf `boost::system::system_category()'
collect2: error: ld returned 1 exit status
make[2]: *** [/home/luis/VT2/catkin_ws/devel/.private/cell_core/lib/cell_core/cell_core_node] Fehler 1
make[1]: *** [CMakeFiles/cell_core_node.dir/all] Fehler 2
make: *** [all] Fehler 2
